<?xml version="1.0" encoding="UTF-8"?>
<robot generator="Robot 3.2.2 (Python 3.9.1 on darwin)" generated="20210325 14:28:57.702" rpa="false">
<suite id="s1" name="Tests" source="/Users/ellenkranzen/PycharmProjects/autotestLabb2VG_EllenKranzén/Tests">
<suite id="s1-s1" name="Test" source="/Users/ellenkranzen/PycharmProjects/autotestLabb2VG_EllenKranzén/Tests/test.robot">
<test id="s1-s1-t1" name="User can from start page: log in, book a car and see booking">
<kw name="Begin Web Test" library="keywords" type="setup">
<kw name="Open Browser" library="SeleniumLibrary">
<doc>Opens a new browser instance to the optional ``url``.</doc>
<arguments>
<arg>about:blank</arg>
<arg>${BROWSER}</arg>
</arguments>
<msg timestamp="20210325 14:28:58.158" level="INFO">Opening browser 'headlesschrome' to base url 'about:blank'.</msg>
<status status="PASS" starttime="20210325 14:28:58.158" endtime="20210325 14:29:00.539"></status>
</kw>
<status status="PASS" starttime="20210325 14:28:58.157" endtime="20210325 14:29:00.539"></status>
</kw>
<kw name="Given user succesfully logs in and books a car" library="keywords">
<kw name="User is on the start page" library="keywords">
<kw name="Load Page" library="keywords">
<kw name="Go To" library="SeleniumLibrary">
<doc>Navigates the current browser window to the provided ``url``.</doc>
<arguments>
<arg>${URL}</arg>
</arguments>
<msg timestamp="20210325 14:29:00.542" level="INFO">Opening url 'http://rental7.infotiv.net/'</msg>
<status status="PASS" starttime="20210325 14:29:00.542" endtime="20210325 14:29:01.179"></status>
</kw>
<status status="PASS" starttime="20210325 14:29:00.541" endtime="20210325 14:29:01.180"></status>
</kw>
<kw name="Verify page loaded" library="keywords">
<kw name="Wait Until Page Contains" library="SeleniumLibrary">
<doc>Waits until ``text`` appears on the current page.</doc>
<arguments>
<arg>Infotiv Car Rental</arg>
</arguments>
<status status="PASS" starttime="20210325 14:29:01.181" endtime="20210325 14:29:01.207"></status>
</kw>
<status status="PASS" starttime="20210325 14:29:01.180" endtime="20210325 14:29:01.208"></status>
</kw>
<status status="PASS" starttime="20210325 14:29:00.541" endtime="20210325 14:29:01.208"></status>
</kw>
<kw name="User succesfully logs in" library="keywords">
<kw name="Enter e-mail" library="keywords">
<kw name="Click Element" library="SeleniumLibrary">
<doc>Click the element identified by ``locator``.</doc>
<arguments>
<arg>id=email</arg>
</arguments>
<msg timestamp="20210325 14:29:01.209" level="INFO">Clicking element 'id=email'.</msg>
<status status="PASS" starttime="20210325 14:29:01.209" endtime="20210325 14:29:01.319"></status>
</kw>
<kw name="Input Text" library="SeleniumLibrary">
<doc>Types the given ``text`` into the text field identified by ``locator``.</doc>
<arguments>
<arg>id=email</arg>
<arg>ellen.kranzen@iths.se</arg>
</arguments>
<msg timestamp="20210325 14:29:01.320" level="INFO">Typing text 'ellen.kranzen@iths.se' into text field 'id=email'.</msg>
<status status="PASS" starttime="20210325 14:29:01.320" endtime="20210325 14:29:01.472"></status>
</kw>
<status status="PASS" starttime="20210325 14:29:01.208" endtime="20210325 14:29:01.472"></status>
</kw>
<kw name="Enter password" library="keywords">
<kw name="Click Element" library="SeleniumLibrary">
<doc>Click the element identified by ``locator``.</doc>
<arguments>
<arg>id=password</arg>
</arguments>
<msg timestamp="20210325 14:29:01.473" level="INFO">Clicking element 'id=password'.</msg>
<status status="PASS" starttime="20210325 14:29:01.473" endtime="20210325 14:29:01.544"></status>
</kw>
<kw name="Input Password" library="SeleniumLibrary">
<doc>Types the given password into the text field identified by ``locator``.</doc>
<arguments>
<arg>id=password</arg>
<arg>hemligt</arg>
</arguments>
<msg timestamp="20210325 14:29:01.546" level="INFO">Typing password into text field 'id=password'.</msg>
<msg timestamp="20210325 14:29:01.581" level="INFO">Temporally setting log level to: NONE</msg>
<msg timestamp="20210325 14:29:01.617" level="INFO">Log level changed from NONE to INFO.</msg>
<status status="PASS" starttime="20210325 14:29:01.545" endtime="20210325 14:29:01.617"></status>
</kw>
<status status="PASS" starttime="20210325 14:29:01.472" endtime="20210325 14:29:01.617"></status>
</kw>
<kw name="Click login" library="keywords">
<kw name="Click Element" library="SeleniumLibrary">
<doc>Click the element identified by ``locator``.</doc>
<arguments>
<arg>id=login</arg>
</arguments>
<msg timestamp="20210325 14:29:01.618" level="INFO">Clicking element 'id=login'.</msg>
<status status="PASS" starttime="20210325 14:29:01.618" endtime="20210325 14:29:02.421"></status>
</kw>
<status status="PASS" starttime="20210325 14:29:01.617" endtime="20210325 14:29:02.421"></status>
</kw>
<kw name="Verify succesfully logged in" library="keywords">
<kw name="Wait Until Page Contains" library="SeleniumLibrary">
<doc>Waits until ``text`` appears on the current page.</doc>
<arguments>
<arg>You are signed in as E</arg>
</arguments>
<status status="PASS" starttime="20210325 14:29:02.422" endtime="20210325 14:29:02.437"></status>
</kw>
<kw name="Get Text" library="SeleniumLibrary">
<doc>Returns the text value of the element identified by ``locator``.</doc>
<arguments>
<arg>id=welcomePhrase</arg>
</arguments>
<assign>
<var>${actual_text}</var>
</assign>
<msg timestamp="20210325 14:29:02.468" level="INFO">${actual_text} = You are signed in as E</msg>
<status status="PASS" starttime="20210325 14:29:02.437" endtime="20210325 14:29:02.468"></status>
</kw>
<kw name="Should Be Equal" library="BuiltIn">
<doc>Fails if the given objects are unequal.</doc>
<arguments>
<arg>"${actual_text}"</arg>
<arg>"You are signed in as E"</arg>
</arguments>
<status status="PASS" starttime="20210325 14:29:02.468" endtime="20210325 14:29:02.469"></status>
</kw>
<status status="PASS" starttime="20210325 14:29:02.422" endtime="20210325 14:29:02.469"></status>
</kw>
<status status="PASS" starttime="20210325 14:29:01.208" endtime="20210325 14:29:02.469"></status>
</kw>
<kw name="Startdate is today's date" library="keywords">
<kw name="Get Current Date" library="robot.libraries.DateTime">
<doc>Returns current local or UTC time with an optional increment.</doc>
<arguments>
<arg>result_format=%Y-%m-%d</arg>
</arguments>
<assign>
<var>${todays_date}</var>
</assign>
<msg timestamp="20210325 14:29:02.471" level="INFO">${todays_date} = 2021-03-25</msg>
<status status="PASS" starttime="20210325 14:29:02.470" endtime="20210325 14:29:02.471"></status>
</kw>
<kw name="Get Value" library="SeleniumLibrary">
<doc>Returns the value attribute of the element identified by ``locator``.</doc>
<arguments>
<arg>id=start</arg>
</arguments>
<assign>
<var>${start_date}</var>
</assign>
<msg timestamp="20210325 14:29:02.496" level="INFO">${start_date} = 2021-03-25</msg>
<status status="PASS" starttime="20210325 14:29:02.471" endtime="20210325 14:29:02.496"></status>
</kw>
<kw name="Should Be Equal" library="BuiltIn">
<doc>Fails if the given objects are unequal.</doc>
<arguments>
<arg>"${todays_date}"</arg>
<arg>"${start_date}"</arg>
</arguments>
<status status="PASS" starttime="20210325 14:29:02.496" endtime="20210325 14:29:02.497"></status>
</kw>
<status status="PASS" starttime="20210325 14:29:02.469" endtime="20210325 14:29:02.497"></status>
</kw>
<kw name="Enddate is today's date" library="keywords">
<kw name="Get Current Date" library="robot.libraries.DateTime">
<doc>Returns current local or UTC time with an optional increment.</doc>
<arguments>
<arg>result_format=%Y-%m-%d</arg>
</arguments>
<assign>
<var>${todays_date}</var>
</assign>
<msg timestamp="20210325 14:29:02.499" level="INFO">${todays_date} = 2021-03-25</msg>
<status status="PASS" starttime="20210325 14:29:02.498" endtime="20210325 14:29:02.499"></status>
</kw>
<kw name="Get Value" library="SeleniumLibrary">
<doc>Returns the value attribute of the element identified by ``locator``.</doc>
<arguments>
<arg>id=end</arg>
</arguments>
<assign>
<var>${start_date}</var>
</assign>
<msg timestamp="20210325 14:29:02.520" level="INFO">${start_date} = 2021-03-25</msg>
<status status="PASS" starttime="20210325 14:29:02.499" endtime="20210325 14:29:02.520"></status>
</kw>
<kw name="Should Be Equal" library="BuiltIn">
<doc>Fails if the given objects are unequal.</doc>
<arguments>
<arg>"${todays_date}"</arg>
<arg>"${start_date}"</arg>
</arguments>
<status status="PASS" starttime="20210325 14:29:02.520" endtime="20210325 14:29:02.521"></status>
</kw>
<status status="PASS" starttime="20210325 14:29:02.497" endtime="20210325 14:29:02.521"></status>
</kw>
<kw name="User continues to page to choose a car" library="keywords">
<kw name="Click Element" library="SeleniumLibrary">
<doc>Click the element identified by ``locator``.</doc>
<arguments>
<arg>id=continue</arg>
</arguments>
<msg timestamp="20210325 14:29:02.522" level="INFO">Clicking element 'id=continue'.</msg>
<status status="PASS" starttime="20210325 14:29:02.522" endtime="20210325 14:29:03.040"></status>
</kw>
<kw name="Verify showCars page loaded" library="keywords">
<kw name="Wait Until Page Contains" library="SeleniumLibrary">
<doc>Waits until ``text`` appears on the current page.</doc>
<arguments>
<arg>What would you like to drive?</arg>
</arguments>
<status status="PASS" starttime="20210325 14:29:03.042" endtime="20210325 14:29:03.060"></status>
</kw>
<kw name="Get Text" library="SeleniumLibrary">
<doc>Returns the text value of the element identified by ``locator``.</doc>
<arguments>
<arg>id=questionText</arg>
</arguments>
<assign>
<var>${actual_text}</var>
</assign>
<msg timestamp="20210325 14:29:03.152" level="INFO">${actual_text} = What would you like to drive?</msg>
<status status="PASS" starttime="20210325 14:29:03.060" endtime="20210325 14:29:03.152"></status>
</kw>
<kw name="Should Be Equal" library="BuiltIn">
<doc>Fails if the given objects are unequal.</doc>
<arguments>
<arg>"${actual_text}"</arg>
<arg>"What would you like to drive?"</arg>
</arguments>
<status status="PASS" starttime="20210325 14:29:03.152" endtime="20210325 14:29:03.153"></status>
</kw>
<status status="PASS" starttime="20210325 14:29:03.041" endtime="20210325 14:29:03.153"></status>
</kw>
<status status="PASS" starttime="20210325 14:29:02.522" endtime="20210325 14:29:03.154"></status>
</kw>
<kw name="User chooses an available car" library="keywords">
<kw name="Click Element" library="SeleniumLibrary">
<doc>Click the element identified by ``locator``.</doc>
<arguments>
<arg>id=bookModelSpass5</arg>
</arguments>
<msg timestamp="20210325 14:29:03.155" level="INFO">Clicking element 'id=bookModelSpass5'.</msg>
<status status="PASS" starttime="20210325 14:29:03.155" endtime="20210325 14:29:03.682"></status>
</kw>
<kw name="Verify confirmBook page loaded" library="keywords">
<kw name="Wait Until Page Contains" library="SeleniumLibrary">
<doc>Waits until ``text`` appears on the current page.</doc>
<arguments>
<arg>Pickup date:</arg>
</arguments>
<status status="PASS" starttime="20210325 14:29:03.684" endtime="20210325 14:29:03.710"></status>
</kw>
<kw name="Get Text" library="SeleniumLibrary">
<doc>Returns the text value of the element identified by ``locator``.</doc>
<arguments>
<arg>id=questionText</arg>
</arguments>
<assign>
<var>${actual_text}</var>
</assign>
<msg timestamp="20210325 14:29:03.737" level="INFO">${actual_text} = Confirm booking of Tesla Model S</msg>
<status status="PASS" starttime="20210325 14:29:03.710" endtime="20210325 14:29:03.737"></status>
</kw>
<kw name="Should Be Equal" library="BuiltIn">
<doc>Fails if the given objects are unequal.</doc>
<arguments>
<arg>"${actual_text}"</arg>
<arg>"Confirm booking of Tesla Model S"</arg>
</arguments>
<status status="PASS" starttime="20210325 14:29:03.737" endtime="20210325 14:29:03.737"></status>
</kw>
<status status="PASS" starttime="20210325 14:29:03.683" endtime="20210325 14:29:03.738"></status>
</kw>
<status status="PASS" starttime="20210325 14:29:03.154" endtime="20210325 14:29:03.738"></status>
</kw>
<status status="PASS" starttime="20210325 14:29:00.540" endtime="20210325 14:29:03.738"></status>
</kw>
<kw name="And user succesfully confirms the booking" library="keywords">
<kw name="Enter card number" library="keywords">
<kw name="Click Element" library="SeleniumLibrary">
<doc>Click the element identified by ``locator``.</doc>
<arguments>
<arg>id=cardNum</arg>
</arguments>
<msg timestamp="20210325 14:29:03.740" level="INFO">Clicking element 'id=cardNum'.</msg>
<status status="PASS" starttime="20210325 14:29:03.739" endtime="20210325 14:29:03.830"></status>
</kw>
<kw name="Input Text" library="SeleniumLibrary">
<doc>Types the given ``text`` into the text field identified by ``locator``.</doc>
<arguments>
<arg>id=cardNum</arg>
<arg>1111000011110000</arg>
</arguments>
<msg timestamp="20210325 14:29:03.830" level="INFO">Typing text '1111000011110000' into text field 'id=cardNum'.</msg>
<status status="PASS" starttime="20210325 14:29:03.830" endtime="20210325 14:29:03.931"></status>
</kw>
<status status="PASS" starttime="20210325 14:29:03.739" endtime="20210325 14:29:03.931"></status>
</kw>
<kw name="Enter name of card holder" library="keywords">
<kw name="Click Element" library="SeleniumLibrary">
<doc>Click the element identified by ``locator``.</doc>
<arguments>
<arg>id=fullName</arg>
</arguments>
<msg timestamp="20210325 14:29:03.932" level="INFO">Clicking element 'id=fullName'.</msg>
<status status="PASS" starttime="20210325 14:29:03.932" endtime="20210325 14:29:03.993"></status>
</kw>
<kw name="Input Text" library="SeleniumLibrary">
<doc>Types the given ``text`` into the text field identified by ``locator``.</doc>
<arguments>
<arg>id=fullName</arg>
<arg>E K</arg>
</arguments>
<msg timestamp="20210325 14:29:03.994" level="INFO">Typing text 'E K' into text field 'id=fullName'.</msg>
<status status="PASS" starttime="20210325 14:29:03.993" endtime="20210325 14:29:04.064"></status>
</kw>
<status status="PASS" starttime="20210325 14:29:03.931" endtime="20210325 14:29:04.065"></status>
</kw>
<kw name="Enter month" library="keywords">
<kw name="Click Element" library="SeleniumLibrary">
<doc>Click the element identified by ``locator``.</doc>
<arguments>
<arg>xpath://*[@id="confirmSelection"]/form/select[1]</arg>
</arguments>
<msg timestamp="20210325 14:29:04.066" level="INFO">Clicking element 'xpath://*[@id="confirmSelection"]/form/select[1]'.</msg>
<status status="PASS" starttime="20210325 14:29:04.066" endtime="20210325 14:29:04.127"></status>
</kw>
<kw name="Click Element" library="SeleniumLibrary">
<doc>Click the element identified by ``locator``.</doc>
<arguments>
<arg>xpath://*[@id="month6"]</arg>
</arguments>
<msg timestamp="20210325 14:29:04.128" level="INFO">Clicking element 'xpath://*[@id="month6"]'.</msg>
<status status="PASS" starttime="20210325 14:29:04.127" endtime="20210325 14:29:04.167"></status>
</kw>
<status status="PASS" starttime="20210325 14:29:04.065" endtime="20210325 14:29:04.167"></status>
</kw>
<kw name="Enter year" library="keywords">
<kw name="Click Element" library="SeleniumLibrary">
<doc>Click the element identified by ``locator``.</doc>
<arguments>
<arg>xpath://*[@id="confirmSelection"]/form/select[2]</arg>
</arguments>
<msg timestamp="20210325 14:29:04.168" level="INFO">Clicking element 'xpath://*[@id="confirmSelection"]/form/select[2]'.</msg>
<status status="PASS" starttime="20210325 14:29:04.168" endtime="20210325 14:29:04.221"></status>
</kw>
<kw name="Click Element" library="SeleniumLibrary">
<doc>Click the element identified by ``locator``.</doc>
<arguments>
<arg>xpath://*[@id="month2022"]</arg>
</arguments>
<msg timestamp="20210325 14:29:04.221" level="INFO">Clicking element 'xpath://*[@id="month2022"]'.</msg>
<status status="PASS" starttime="20210325 14:29:04.221" endtime="20210325 14:29:04.271"></status>
</kw>
<status status="PASS" starttime="20210325 14:29:04.167" endtime="20210325 14:29:04.271"></status>
</kw>
<kw name="Enter CVC" library="keywords">
<kw name="Click Element" library="SeleniumLibrary">
<doc>Click the element identified by ``locator``.</doc>
<arguments>
<arg>id=cvc</arg>
</arguments>
<msg timestamp="20210325 14:29:04.273" level="INFO">Clicking element 'id=cvc'.</msg>
<status status="PASS" starttime="20210325 14:29:04.272" endtime="20210325 14:29:04.347"></status>
</kw>
<kw name="Input Text" library="SeleniumLibrary">
<doc>Types the given ``text`` into the text field identified by ``locator``.</doc>
<arguments>
<arg>id=cvc</arg>
<arg>000</arg>
</arguments>
<msg timestamp="20210325 14:29:04.348" level="INFO">Typing text '000' into text field 'id=cvc'.</msg>
<status status="PASS" starttime="20210325 14:29:04.348" endtime="20210325 14:29:04.425"></status>
</kw>
<status status="PASS" starttime="20210325 14:29:04.272" endtime="20210325 14:29:04.425"></status>
</kw>
<kw name="Click confirm" library="keywords">
<kw name="Click Element" library="SeleniumLibrary">
<doc>Click the element identified by ``locator``.</doc>
<arguments>
<arg>id=confirm</arg>
</arguments>
<msg timestamp="20210325 14:29:04.427" level="INFO">Clicking element 'id=confirm'.</msg>
<status status="PASS" starttime="20210325 14:29:04.426" endtime="20210325 14:29:04.800"></status>
</kw>
<status status="PASS" starttime="20210325 14:29:04.426" endtime="20210325 14:29:04.800"></status>
</kw>
<kw name="Verify succesful booking" library="keywords">
<kw name="Get Current Date" library="robot.libraries.DateTime">
<doc>Returns current local or UTC time with an optional increment.</doc>
<arguments>
<arg>result_format=%Y-%m-%d</arg>
</arguments>
<assign>
<var>${todays_date}</var>
</assign>
<msg timestamp="20210325 14:29:04.802" level="INFO">${todays_date} = 2021-03-25</msg>
<status status="PASS" starttime="20210325 14:29:04.801" endtime="20210325 14:29:04.802"></status>
</kw>
<kw name="Wait Until Page Contains" library="SeleniumLibrary">
<doc>Waits until ``text`` appears on the current page.</doc>
<arguments>
<arg>You can view your booking on your page</arg>
</arguments>
<status status="PASS" starttime="20210325 14:29:04.802" endtime="20210325 14:29:04.818"></status>
</kw>
<kw name="Get Text" library="SeleniumLibrary">
<doc>Returns the text value of the element identified by ``locator``.</doc>
<arguments>
<arg>id=questionTextSmall</arg>
</arguments>
<assign>
<var>${actual_text}</var>
</assign>
<msg timestamp="20210325 14:29:04.846" level="INFO">${actual_text} = A Tesla Model S is now ready for pickup 2021-03-25</msg>
<status status="PASS" starttime="20210325 14:29:04.818" endtime="20210325 14:29:04.846"></status>
</kw>
<kw name="Should Be Equal" library="BuiltIn">
<doc>Fails if the given objects are unequal.</doc>
<arguments>
<arg>"${actual_text}"</arg>
<arg>"A Tesla Model S is now ready for pickup ${todays_date}"</arg>
</arguments>
<status status="PASS" starttime="20210325 14:29:04.846" endtime="20210325 14:29:04.847"></status>
</kw>
<status status="PASS" starttime="20210325 14:29:04.801" endtime="20210325 14:29:04.847"></status>
</kw>
<status status="PASS" starttime="20210325 14:29:03.738" endtime="20210325 14:29:04.847"></status>
</kw>
<kw name="Then the booking should be visible under My page" library="keywords">
<kw name="Click My page" library="keywords">
<kw name="Click Element" library="SeleniumLibrary">
<doc>Click the element identified by ``locator``.</doc>
<arguments>
<arg>id=mypage</arg>
</arguments>
<msg timestamp="20210325 14:29:04.849" level="INFO">Clicking element 'id=mypage'.</msg>
<status status="PASS" starttime="20210325 14:29:04.848" endtime="20210325 14:29:05.159"></status>
</kw>
<status status="PASS" starttime="20210325 14:29:04.848" endtime="20210325 14:29:05.159"></status>
</kw>
<kw name="Verfify myPage loaded" library="keywords">
<kw name="Wait Until Page Contains" library="SeleniumLibrary">
<doc>Waits until ``text`` appears on the current page.</doc>
<arguments>
<arg>My bookings</arg>
</arguments>
<status status="PASS" starttime="20210325 14:29:05.160" endtime="20210325 14:29:05.175"></status>
</kw>
<kw name="Get Text" library="SeleniumLibrary">
<doc>Returns the text value of the element identified by ``locator``.</doc>
<arguments>
<arg>id=historyText</arg>
</arguments>
<assign>
<var>${actual_text}</var>
</assign>
<msg timestamp="20210325 14:29:05.209" level="INFO">${actual_text} = My bookings</msg>
<status status="PASS" starttime="20210325 14:29:05.176" endtime="20210325 14:29:05.209"></status>
</kw>
<kw name="Should Be Equal" library="BuiltIn">
<doc>Fails if the given objects are unequal.</doc>
<arguments>
<arg>"${actual_text}"</arg>
<arg>"My bookings"</arg>
</arguments>
<status status="PASS" starttime="20210325 14:29:05.209" endtime="20210325 14:29:05.209"></status>
</kw>
<status status="PASS" starttime="20210325 14:29:05.160" endtime="20210325 14:29:05.210"></status>
</kw>
<kw name="Verify the right brand is booked" library="keywords">
<kw name="Get Text" library="SeleniumLibrary">
<doc>Returns the text value of the element identified by ``locator``.</doc>
<arguments>
<arg>id=make1</arg>
</arguments>
<assign>
<var>${actual_brand}</var>
</assign>
<msg timestamp="20210325 14:29:05.238" level="INFO">${actual_brand} = Tesla</msg>
<status status="PASS" starttime="20210325 14:29:05.210" endtime="20210325 14:29:05.238"></status>
</kw>
<kw name="Should Be Equal" library="BuiltIn">
<doc>Fails if the given objects are unequal.</doc>
<arguments>
<arg>"${actual_brand}"</arg>
<arg>"Tesla"</arg>
</arguments>
<status status="PASS" starttime="20210325 14:29:05.239" endtime="20210325 14:29:05.239"></status>
</kw>
<status status="PASS" starttime="20210325 14:29:05.210" endtime="20210325 14:29:05.239"></status>
</kw>
<kw name="Verify the right model is booked" library="keywords">
<kw name="Get Text" library="SeleniumLibrary">
<doc>Returns the text value of the element identified by ``locator``.</doc>
<arguments>
<arg>id=model1</arg>
</arguments>
<assign>
<var>${actual_model}</var>
</assign>
<msg timestamp="20210325 14:29:05.268" level="INFO">${actual_model} = Model S</msg>
<status status="PASS" starttime="20210325 14:29:05.240" endtime="20210325 14:29:05.269"></status>
</kw>
<kw name="Should Be Equal" library="BuiltIn">
<doc>Fails if the given objects are unequal.</doc>
<arguments>
<arg>"${actual_model}"</arg>
<arg>"Model S"</arg>
</arguments>
<status status="PASS" starttime="20210325 14:29:05.269" endtime="20210325 14:29:05.269"></status>
</kw>
<status status="PASS" starttime="20210325 14:29:05.239" endtime="20210325 14:29:05.269"></status>
</kw>
<status status="PASS" starttime="20210325 14:29:04.848" endtime="20210325 14:29:05.270"></status>
</kw>
<kw name="End Web Test" library="keywords" type="teardown">
<kw name="Cancel booking" library="keywords">
<kw name="Sleep" library="BuiltIn">
<doc>Pauses the test executed for the given time.</doc>
<arguments>
<arg>1 s</arg>
</arguments>
<msg timestamp="20210325 14:29:06.273" level="INFO">Slept 1 second</msg>
<status status="PASS" starttime="20210325 14:29:05.271" endtime="20210325 14:29:06.273"></status>
</kw>
<kw name="Click Button" library="SeleniumLibrary">
<doc>Clicks the button identified by ``locator``.</doc>
<arguments>
<arg>xpath://*[@id="unBook1"]</arg>
</arguments>
<msg timestamp="20210325 14:29:06.274" level="INFO">Clicking button 'xpath://*[@id="unBook1"]'.</msg>
<status status="PASS" starttime="20210325 14:29:06.273" endtime="20210325 14:29:06.353"></status>
</kw>
<kw name="Handle Alert" library="SeleniumLibrary">
<doc>Handles the current alert and returns its message.</doc>
<msg timestamp="20210325 14:29:06.353" level="INFO">HANDLE::&lt;class 'NoneType'&gt;::None</msg>
<status status="PASS" starttime="20210325 14:29:06.353" endtime="20210325 14:29:06.360"></status>
</kw>
<kw name="Click Button" library="SeleniumLibrary">
<doc>Clicks the button identified by ``locator``.</doc>
<arguments>
<arg>id=mypage</arg>
</arguments>
<msg timestamp="20210325 14:29:06.361" level="INFO">Clicking button 'id=mypage'.</msg>
<status status="PASS" starttime="20210325 14:29:06.360" endtime="20210325 14:29:06.819"></status>
</kw>
<kw name="Verify booking cancelled" library="keywords">
<kw name="Get Text" library="SeleniumLibrary">
<doc>Returns the text value of the element identified by ``locator``.</doc>
<arguments>
<arg>id=historyText</arg>
</arguments>
<assign>
<var>${actual_text}</var>
</assign>
<msg timestamp="20210325 14:29:06.855" level="INFO">${actual_text} = You have no bookings</msg>
<status status="PASS" starttime="20210325 14:29:06.821" endtime="20210325 14:29:06.855"></status>
</kw>
<kw name="Should Be Equal" library="BuiltIn">
<doc>Fails if the given objects are unequal.</doc>
<arguments>
<arg>"${actual_text}"</arg>
<arg>"You have no bookings"</arg>
</arguments>
<status status="PASS" starttime="20210325 14:29:06.856" endtime="20210325 14:29:06.857"></status>
</kw>
<status status="PASS" starttime="20210325 14:29:06.820" endtime="20210325 14:29:06.857"></status>
</kw>
<status status="PASS" starttime="20210325 14:29:05.270" endtime="20210325 14:29:06.857"></status>
</kw>
<kw name="Close Browser" library="SeleniumLibrary">
<doc>Closes the current browser.</doc>
<status status="PASS" starttime="20210325 14:29:06.857" endtime="20210325 14:29:06.949"></status>
</kw>
<status status="PASS" starttime="20210325 14:29:05.270" endtime="20210325 14:29:06.950"></status>
</kw>
<doc>Testar hela navigationsflödet för att boka en bil</doc>
<tags>
<tag>VG_test</tag>
</tags>
<status status="PASS" starttime="20210325 14:28:58.155" endtime="20210325 14:29:06.950" critical="yes"></status>
</test>
<doc>Lab 2 - Vg-del Gherkin</doc>
<status status="PASS" starttime="20210325 14:28:57.746" endtime="20210325 14:29:06.953"></status>
</suite>
<status status="PASS" starttime="20210325 14:28:57.704" endtime="20210325 14:29:06.959"></status>
</suite>
<statistics>
<total>
<stat pass="1" fail="0">Critical Tests</stat>
<stat pass="1" fail="0">All Tests</stat>
</total>
<tag>
<stat pass="1" fail="0">VG_test</stat>
</tag>
<suite>
<stat pass="1" fail="0" id="s1" name="Tests">Tests</stat>
<stat pass="1" fail="0" id="s1-s1" name="Test">Tests.Test</stat>
</suite>
</statistics>
<errors>
</errors>
</robot>
